<?xml version="1.0" encoding="UTF-8"?>
<!-- Generated by org.testng.reporters.JUnitReportReporter -->
<testsuite hostname="DESKTOP-66G303V" failures="0" tests="1" name="udemysel.udemysel.Assignment6Test" time="11.681" errors="0" timestamp="2020-07-11T18:42:17 IST" skipped="0">
  <testcase classname="udemysel.udemysel.Assignment6Test" name="as6" time="11.681"/>
  <system-out/>
</testsuite> <!-- udemysel.udemysel.Assignment6Test -->
