<?xml version="1.0" encoding="UTF-8"?>
<!-- Generated by org.testng.reporters.JUnitReportReporter -->
<testsuite hostname="DESKTOP-66G303V" failures="0" tests="1" name="udemysel.udemysel.Assignment3Test" time="10.613" errors="0" timestamp="2020-07-11T18:42:17 IST" skipped="0">
  <testcase classname="udemysel.udemysel.Assignment3Test" name="as3" time="10.613"/>
  <system-out/>
</testsuite> <!-- udemysel.udemysel.Assignment3Test -->
