<?xml version="1.0" encoding="UTF-8"?>
<!-- Generated by org.testng.reporters.JUnitReportReporter -->
<testsuite hostname="DESKTOP-66G303V" failures="0" tests="1" name="udemysel.udemysel.Assignment2Test" time="17.228" errors="0" timestamp="2020-07-11T18:42:17 IST" skipped="0">
  <testcase classname="udemysel.udemysel.Assignment2Test" name="as2" time="17.228"/>
  <system-out/>
</testsuite> <!-- udemysel.udemysel.Assignment2Test -->
