<?xml version="1.0" encoding="UTF-8"?>
<!-- Generated by org.testng.reporters.JUnitReportReporter -->
<testsuite hostname="DESKTOP-66G303V" failures="0" tests="1" name="udemysel.udemysel.Assignment1Test" time="19.759" errors="0" timestamp="2020-07-14T09:49:18 IST" skipped="0">
  <testcase classname="udemysel.udemysel.Assignment1Test" name="as1" time="19.759"/>
  <system-out/>
</testsuite> <!-- udemysel.udemysel.Assignment1Test -->
