<?xml version="1.0" encoding="UTF-8"?>
<!-- Generated by org.testng.reporters.JUnitReportReporter -->
<testsuite hostname="DESKTOP-66G303V" failures="0" tests="1" name="udemysel.udemysel.Assignment5Test" time="18.938" errors="0" timestamp="2020-07-14T09:49:19 IST" skipped="0">
  <testcase classname="udemysel.udemysel.Assignment5Test" name="as5" time="18.938"/>
  <system-out/>
</testsuite> <!-- udemysel.udemysel.Assignment5Test -->
